<html>
<body>
<pre>
<h1>µVision Build Log</h1>
<h2>Tool Versions:</h2>
IDE-Version: µVision V5.34.0.0
Copyright (C) 2021 ARM Ltd and ARM Germany GmbH. All rights reserved.
License Information: Abdelrahman Magdy, Value, LIC=----
 
Tool Versions:
Toolchain:       MDK-Lite  Version: 5.34.0.0
Toolchain Path:  E:\Keil_Packs\ARM\ARMCLANG\Bin
C Compiler:      ArmClang.exe V6.16
Assembler:       Armasm.exe V6.16
Linker/Locator:  ArmLink.exe V6.16
Library Manager: ArmAr.exe V6.16
Hex Converter:   FromElf.exe V6.16
CPU DLL:         SARMCM3.DLL V5.34.0.0
Dialog DLL:      DCM.DLL V1.17.3.0
Target DLL:      UL2CM3.DLL V1.163.9.0
Dialog DLL:      TCM.DLL V1.48.0.0
 
<h2>Project:</h2>
E:\Embedded_Abdelrahman_Magdy\01_ARM\06_Mina\STM32F429ZITx\01_MCAL\GPIO\GPIO.uvprojx
Project File Date:  05/17/2021

<h2>Output:</h2>
*** Using Compiler 'V6.16', folder: 'E:\Keil_Packs\ARM\ARMCLANG\Bin'
Build target 'Target 1'
GPIO_program.c(25): warning: In file included from...
./GPIO_config.h(37): warning: no newline at end of file [-Wnewline-eof]
#endif /* GPIO_CONFIG_H_ */
                           ^
GPIO_program.c(59): error: expected expression
                                          GPIOA_MODER | =(copy_u8MODE << (2*copy_u8PIN));
                                                        ^
GPIO_program.c(64): error: expected expression
                                         GPIOB_MODER | =(copy_u8MODE << (2*copy_u8PIN));
                                                       ^
GPIO_program.c(68): error: expected expression
                                         GPIOC_MODER | =(copy_u8MODE << (2*copy_u8PIN));
                                                       ^
GPIO_program.c(72): error: expected expression
                                         GPIOD_MODER | =(copy_u8MODE << (2*copy_u8PIN));
                                                       ^
GPIO_program.c(76): error: expected expression
                                         GPIOE_MODER | =(copy_u8MODE << (2*copy_u8PIN));
                                                       ^
GPIO_program.c(80): error: expected expression
                                         GPIOF_MODER | =(copy_u8MODE << (2*copy_u8PIN));
                                                       ^
GPIO_program.c(84): error: expected expression
                                         GPIOG_MODER | =(copy_u8MODE << (2*copy_u8PIN));
                                                       ^
GPIO_program.c(88): error: expected expression
                                         GPIOH_MODER | =(copy_u8MODE << (2*copy_u8PIN));
                                                       ^
GPIO_program.c(94): error: expected expression
         else()
         ^
GPIO_program.c(119): error: expected expression
                                            GPIOA_OTYPER | =(copy_u8Type << (copy_u8PIN));
                                                           ^
GPIO_program.c(124): error: expected expression
                                                 GPIOB_OTYPER| =(copy_u8Type << (copy_u8PIN));
                                                               ^
GPIO_program.c(128): error: expected expression
                                                GPIOC_OTYPER | =(copy_u8Type << (copy_u8PIN));
                                                               ^
GPIO_program.c(132): error: expected expression
                                                GPIOD_OTYPER | =(copy_u8Type << (copy_u8PIN));
                                                               ^
GPIO_program.c(136): error: expected expression
                                                GPIOE_OTYPER | =(copy_u8Type<< (copy_u8PIN));
                                                               ^
GPIO_program.c(140): error: expected expression
                                                 GPIOF_OTYPER| =(copy_u8Type << (copy_u8PIN));
                                                               ^
GPIO_program.c(144): warning: implicit conversion changes signedness: 'int' to 'unsigned long' [-Wsign-conversion]
                                            GPIOG_OTYPER |= (copy_u8Type << (copy_u8PIN));
                                                         ~~  ~~~~~~~~~~~~^~~~~~~~~~~~~~~
GPIO_program.c(148): error: expected expression
                                                GPIOH_OTYPER | =(copy_u8Type<< (copy_u8PIN));
                                                               ^
GPIO_program.c(174): error: expected expression
                                            GPIOA_OSPEEDR | =(copy_u8Speed << (2*copy_u8PIN));
                                                            ^
GPIO_program.c(179): error: expected expression
                                                 GPIOB_OSPEEDR| =(copy_u8Speed << (2*copy_u8PIN));
                                                                ^
GPIO_program.c(183): error: expected expression
                                                GPIOC_OSPEEDR | =(copy_u8Speed << (2*copy_u8PIN));
                                                                ^
fatal error: too many errors emitted, stopping now [-ferror-limit=]
2 warnings and 20 errors generated.
compiling GPIO_program.c...
".\Objects\GPIO.axf" - 19 Error(s), 2 Warning(s).

<h2>Software Packages used:</h2>

Package Vendor: ARM
                http://www.keil.com/pack/ARM.CMSIS.5.7.0.pack
                ARM.CMSIS.5.7.0
                CMSIS (Cortex Microcontroller Software Interface Standard)
   * Component: CORE Version: 5.4.0

Package Vendor: Keil
                http://www.keil.com/pack/Keil.STM32F4xx_DFP.2.15.0.pack
                Keil.STM32F4xx_DFP.2.15.0
                STMicroelectronics STM32F4 Series Device Support, Drivers and Examples
   * Component: Startup Version: 2.6.3

<h2>Collection of Component include folders:</h2>
  .\RTE\_Target_1
  E:\Keil_Packs\ARM\CMSIS\5.7.0\CMSIS\Core\Include
  E:\Keil_Packs\Keil\STM32F4xx_DFP\2.15.0\Drivers\CMSIS\Device\ST\STM32F4xx\Include

<h2>Collection of Component Files used:</h2>

   * Component: ARM::CMSIS:CORE:5.4.0

   * Component: Keil::Device:Startup:2.6.3
      Source file:   Drivers\CMSIS\Device\ST\STM32F4xx\Source\Templates\system_stm32f4xx.c
      Source file:   MDK\Device\Source\ARM\STM32F42xxx_43xxx_OPT.s
      Source file:   Drivers\CMSIS\Device\ST\STM32F4xx\Source\Templates\arm\startup_stm32f429xx.s
      Include file:  Drivers\CMSIS\Device\ST\STM32F4xx\Include\stm32f4xx.h
      Source file:   MDK\Device\Source\ARM\STM32F4xx_OTP.s
Target not created.
Build Time Elapsed:  00:00:01
</pre>
</body>
</html>
